coDriveApp/app/build/outputs/logs/manifest-merger-debug-report.txt
-- Merging decision tree log ---
manifest
ADDED from AndroidManifest.xml:2:1
	package
		ADDED from AndroidManifest.xml:3:5
		INJECTED from AndroidManifest.xml:0:0
		INJECTED from AndroidManifest.xml:0:0
	android:versionName
		ADDED from AndroidManifest.xml:5:5
	android:versionCode
		ADDED from AndroidManifest.xml:4:5
		INJECTED from AndroidManifest.xml:0:0
		INJECTED from AndroidManifest.xml:0:0
	xmlns:android
		ADDED from AndroidManifest.xml:2:11
uses-sdk
ADDED from AndroidManifest.xml:7:5
MERGED from com.android.support:support-v4:22.0.0:20:5
MERGED from com.android.support:appcompat-v7:21.0.3:15:5
MERGED from com.android.support:support-v4:22.0.0:20:5
MERGED from com.github.shell-software:fab:1.0.5:25:5
MERGED from com.android.support:recyclerview-v7:22.0.0:20:5
MERGED from com.android.support:support-v4:22.0.0:20:5
MERGED from com.android.support:cardview-v7:22.0.0:20:5
	android:targetSdkVersion
		ADDED from AndroidManifest.xml:9:9
		INJECTED from AndroidManifest.xml:0:0
		INJECTED from AndroidManifest.xml:0:0
	android:minSdkVersion
		ADDED from AndroidManifest.xml:8:9
		INJECTED from AndroidManifest.xml:0:0
		INJECTED from AndroidManifest.xml:0:0
uses-permission#android.permission.INTERNET
ADDED from AndroidManifest.xml:10:5
	android:name
		ADDED from AndroidManifest.xml:10:22
uses-permission#android.permission.WRITE_EXTERNAL_STORAGE
ADDED from AndroidManifest.xml:11:5
	android:name
		ADDED from AndroidManifest.xml:11:22
uses-permission#android.permission.READ_EXTERNAL_STORAGE
ADDED from AndroidManifest.xml:12:5
	android:name
		ADDED from AndroidManifest.xml:12:22
uses-permission#android.permission.GET_ACCOUNTS
ADDED from AndroidManifest.xml:13:5
	android:name
		ADDED from AndroidManifest.xml:13:22
uses-permission#android.permission.ACCESS_NETWORK_STATE
ADDED from AndroidManifest.xml:14:5
	android:name
		ADDED from AndroidManifest.xml:14:22
uses-permission#android.permission.ACCESS_WIFI_STATE
ADDED from AndroidManifest.xml:15:5
	android:name
		ADDED from AndroidManifest.xml:15:22
uses-permission#com.cdms.codrive.permission.C2D_MESSAGE
ADDED from AndroidManifest.xml:17:5
	android:name
		ADDED from AndroidManifest.xml:17:22
uses-permission#android.permission.WAKE_LOCK
ADDED from AndroidManifest.xml:18:5
	android:name
		ADDED from AndroidManifest.xml:18:22
uses-permission#android.permission.RECEIVE_BOOT_COMPLETED
ADDED from AndroidManifest.xml:19:5
	android:name
		ADDED from AndroidManifest.xml:19:22
uses-permission#android.permission.VIBRATE
ADDED from AndroidManifest.xml:20:5
	android:name
		ADDED from AndroidManifest.xml:20:22
uses-permission#com.google.android.c2dm.permission.RECEIVE
ADDED from AndroidManifest.xml:21:5
	android:name
		ADDED from AndroidManifest.xml:21:22
uses-permission#com.google.android.providers.gsf.permission.READ_GSERVICES
ADDED from AndroidManifest.xml:22:5
	android:name
		ADDED from AndroidManifest.xml:22:22
permission#com.cdms.codrive.permission.C2D_MESSAGE
ADDED from AndroidManifest.xml:24:5
	android:protectionLevel
		ADDED from AndroidManifest.xml:24:17
	android:name
		ADDED from AndroidManifest.xml:25:9
application
ADDED from AndroidManifest.xml:27:5
MERGED from com.android.support:support-v4:22.0.0:22:5
MERGED from com.android.support:appcompat-v7:21.0.3:16:5
MERGED from com.android.support:support-v4:22.0.0:22:5
MERGED from com.android.support:recyclerview-v7:22.0.0:22:5
MERGED from com.android.support:support-v4:22.0.0:22:5
MERGED from com.android.support:cardview-v7:22.0.0:22:5
	android:label
		ADDED from AndroidManifest.xml:30:9
	android:allowBackup
		ADDED from AndroidManifest.xml:28:9
	android:icon
		ADDED from AndroidManifest.xml:29:9
	android:theme
		ADDED from AndroidManifest.xml:32:9
	android:name
		ADDED from AndroidManifest.xml:31:9
activity#com.cdms.codrive.Startup.Splash
ADDED from AndroidManifest.xml:33:9
	android:label
		ADDED from AndroidManifest.xml:35:13
	android:name
		ADDED from AndroidManifest.xml:34:13
intent-filter#android.intent.action.MAIN+android.intent.category.LAUNCHER
ADDED from AndroidManifest.xml:36:13
action#android.intent.action.MAIN
ADDED from AndroidManifest.xml:37:17
	android:name
		ADDED from AndroidManifest.xml:37:25
category#android.intent.category.LAUNCHER
ADDED from AndroidManifest.xml:39:17
	android:name
		ADDED from AndroidManifest.xml:39:27
activity#com.cdms.codrive.Homepage.HomepageActivity
ADDED from AndroidManifest.xml:43:9
	android:label
		ADDED from AndroidManifest.xml:45:13
	android:name
		ADDED from AndroidManifest.xml:44:13
intent-filter#android.intent.category.DEFAULT+com.cdms.codrive.MainActivity
ADDED from AndroidManifest.xml:46:13
action#com.cdms.codrive.MainActivity
ADDED from AndroidManifest.xml:47:17
	android:name
		ADDED from AndroidManifest.xml:47:25
category#android.intent.category.DEFAULT
ADDED from AndroidManifest.xml:49:17
	android:name
		ADDED from AndroidManifest.xml:49:27
activity#com.cdms.codrive.SelectFriend
ADDED from AndroidManifest.xml:53:9
	android:label
		ADDED from AndroidManifest.xml:55:13
	android:name
		ADDED from AndroidManifest.xml:54:13
intent-filter#android.intent.category.DEFAULT+com.cdms.codrive.SelectFriend
ADDED from AndroidManifest.xml:56:13
action#com.cdms.codrive.SelectFriend
ADDED from AndroidManifest.xml:57:17
	android:name
		ADDED from AndroidManifest.xml:57:25
service#com.parse.PushService
ADDED from AndroidManifest.xml:63:9
	android:name
		ADDED from AndroidManifest.xml:63:18
receiver#com.parse.ParseBroadcastReceiver
ADDED from AndroidManifest.xml:65:9
	android:name
		ADDED from AndroidManifest.xml:65:19
intent-filter#android.intent.action.BOOT_COMPLETED+android.intent.action.USER_PRESENT
ADDED from AndroidManifest.xml:66:13
action#android.intent.action.BOOT_COMPLETED
ADDED from AndroidManifest.xml:67:17
	android:name
		ADDED from AndroidManifest.xml:67:25
action#android.intent.action.USER_PRESENT
ADDED from AndroidManifest.xml:68:17
	android:name
		ADDED from AndroidManifest.xml:68:25
receiver#com.parse.GcmBroadcastReceiver
ADDED from AndroidManifest.xml:72:9
	android:permission
		ADDED from AndroidManifest.xml:73:13
	android:name
		ADDED from AndroidManifest.xml:72:19
intent-filter#com.cdms.codrive+com.google.android.c2dm.intent.RECEIVE+com.google.android.c2dm.intent.REGISTRATION
ADDED from AndroidManifest.xml:74:13
action#com.google.android.c2dm.intent.RECEIVE
ADDED from AndroidManifest.xml:75:17
	android:name
		ADDED from AndroidManifest.xml:75:25
action#com.google.android.c2dm.intent.REGISTRATION
ADDED from AndroidManifest.xml:76:17
	android:name
		ADDED from AndroidManifest.xml:76:25
category#com.cdms.codrive
ADDED from AndroidManifest.xml:81:17
	android:name
		ADDED from AndroidManifest.xml:81:27
receiver#com.parse.ParsePushBroadcastReceiver
ADDED from AndroidManifest.xml:85:9
	android:exported
		ADDED from AndroidManifest.xml:85:71
	android:name
		ADDED from AndroidManifest.xml:85:19
intent-filter#com.parse.push.intent.DELETE+com.parse.push.intent.OPEN+com.parse.push.intent.RECEIVE
ADDED from AndroidManifest.xml:86:13
action#com.parse.push.intent.RECEIVE
ADDED from AndroidManifest.xml:87:17
	android:name
		ADDED from AndroidManifest.xml:87:25
action#com.parse.push.intent.DELETE
ADDED from AndroidManifest.xml:88:17
	android:name
		ADDED from AndroidManifest.xml:88:25
action#com.parse.push.intent.OPEN
ADDED from AndroidManifest.xml:89:17
	android:name
		ADDED from AndroidManifest.xml:89:25
activity#android.support.v7.widget.TestActivity
ADDED from com.android.support:recyclerview-v7:22.0.0:23:9
	android:label
		ADDED from com.android.support:recyclerview-v7:22.0.0:25:13
	android:name
		ADDED from com.android.support:recyclerview-v7:22.0.0:24:13